<?xml version="1.0" encoding="UTF-8"?>
<!-- Generated by org.testng.reporters.JUnitReportReporter -->
<testsuite hostname="DESKTOP-9HQL1HH" failures="0" tests="1" name="MavenProjectPckg.Selenium_Maven_Project.LoginPage" time="12.345" errors="0" timestamp="2022-11-01T11:44:45 GMT-07:00" skipped="0">
  <testcase classname="MavenProjectPckg.Selenium_Maven_Project.LoginPage" name="verifyLogin" time="12.345"/>
  <system-out/>
</testsuite> <!-- MavenProjectPckg.Selenium_Maven_Project.LoginPage -->
