<?xml version="1.0" encoding="UTF-8"?>
<!-- Generated by org.testng.reporters.JUnitReportReporter -->
<testsuite hostname="DESKTOP-9HQL1HH" failures="0" tests="1" name="MavenProjectPckg.Selenium_Maven_Project.LoginTestCase" time="17.920" errors="0" timestamp="2022-11-04T19:23:38 GMT-07:00" skipped="0">
  <testcase classname="MavenProjectPckg.Selenium_Maven_Project.LoginTestCase" name="verifyLogin" time="17.920"/>
  <system-out/>
</testsuite> <!-- MavenProjectPckg.Selenium_Maven_Project.LoginTestCase -->
