<?xml version="1.0" encoding="UTF-8"?>
<!-- Generated by org.testng.reporters.JUnitReportReporter -->
<testsuite hostname="DESKTOP-9HQL1HH" failures="0" tests="1" name="MavenProjectPckg.Selenium_Maven_Project.LoginTestCase" time="13.008" errors="0" timestamp="2022-11-02T10:19:43 GMT-07:00" skipped="0">
  <testcase classname="MavenProjectPckg.Selenium_Maven_Project.LoginTestCase" name="verifyLogin" time="13.008"/>
  <system-out/>
</testsuite> <!-- MavenProjectPckg.Selenium_Maven_Project.LoginTestCase -->
