<?xml version="1.0" encoding="UTF-8"?>
<!-- Generated by org.testng.reporters.JUnitReportReporter -->
<testsuite hostname="DESKTOP-9HQL1HH" failures="0" tests="1" name="MavenProjectPckg.Selenium_Maven_Project.TryForFreeTestCase" time="31.001" errors="0" timestamp="2022-11-02T10:02:35 GMT-07:00" skipped="0">
  <testcase classname="MavenProjectPckg.Selenium_Maven_Project.TryForFreeTestCase" name="verifyTryForFree" time="31.001"/>
  <system-out/>
</testsuite> <!-- MavenProjectPckg.Selenium_Maven_Project.TryForFreeTestCase -->
