<?xml version="1.0" encoding="UTF-8"?>
<!-- Generated by org.testng.reporters.JUnitReportReporter -->
<testsuite hostname="DESKTOP-9HQL1HH" failures="0" tests="1" name="MavenProjectPckg.Selenium_Maven_Project.TryForFreeTestCase" time="32.573" errors="0" timestamp="2022-11-04T12:45:05 GMT-07:00" skipped="0">
  <testcase classname="MavenProjectPckg.Selenium_Maven_Project.TryForFreeTestCase" name="verifyTryForFree" time="32.573"/>
  <system-out/>
</testsuite> <!-- MavenProjectPckg.Selenium_Maven_Project.TryForFreeTestCase -->
